<?xml version="1.0" encoding="UTF-8"?>
<testng-results ignored="0" total="4" passed="4" failed="0" skipped="0">
  <reporter-output>
  </reporter-output>
  <suite started-at="2022-11-09T13:21:40Z" name="Suite" finished-at="2022-11-09T13:21:40Z" duration-ms="82">
    <groups>
    </groups>
    <test started-at="2022-11-09T13:21:40Z" name="Test" finished-at="2022-11-09T13:21:40Z" duration-ms="82">
      <class name="org.testng.ClassB">
        <test-method signature="Test1()[pri:0, instance:org.testng.ClassB@19e7a160]" started-at="2022-11-09T13:21:40Z" name="Test1" finished-at="2022-11-09T13:21:40Z" duration-ms="19" status="PASS">
          <reporter-output>
          </reporter-output>
        </test-method> <!-- Test1 -->
        <test-method signature="Test2()[pri:0, instance:org.testng.ClassB@19e7a160]" started-at="2022-11-09T13:21:40Z" name="Test2" finished-at="2022-11-09T13:21:40Z" duration-ms="2" status="PASS">
          <reporter-output>
          </reporter-output>
        </test-method> <!-- Test2 -->
        <test-method signature="Test3()[pri:0, instance:org.testng.ClassB@19e7a160]" started-at="2022-11-09T13:21:40Z" name="Test3" finished-at="2022-11-09T13:21:40Z" duration-ms="2" status="PASS">
          <reporter-output>
          </reporter-output>
        </test-method> <!-- Test3 -->
        <test-method signature="Test4()[pri:0, instance:org.testng.ClassB@19e7a160]" started-at="2022-11-09T13:21:40Z" name="Test4" finished-at="2022-11-09T13:21:40Z" duration-ms="2" status="PASS">
          <reporter-output>
          </reporter-output>
        </test-method> <!-- Test4 -->
      </class> <!-- org.testng.ClassB -->
    </test> <!-- Test -->
  </suite> <!-- Suite -->
</testng-results>
